<?xml version="1.0" encoding="UTF-8"?>
<testng-results total="2" passed="2" failed="0" skipped="0">
  <reporter-output>
  </reporter-output>
  <suite started-at="2022-07-20T12:26:36Z" name="Suite" finished-at="2022-07-20T12:26:36Z" duration-ms="58">
    <groups>
    </groups>
    <test started-at="2022-07-20T12:26:36Z" name="Test" finished-at="2022-07-20T12:26:36Z" duration-ms="58">
      <class name="test.Trail">
        <test-method signature="Demo()[pri:0, instance:test.Trail@1efe439d]" started-at="2022-07-20T17:56:36Z" name="Demo" finished-at="2022-07-20T17:56:36Z" duration-ms="15" status="PASS">
          <reporter-output>
          </reporter-output>
        </test-method> <!-- Demo -->
        <test-method signature="Demotwo()[pri:0, instance:test.Trail@1efe439d]" started-at="2022-07-20T17:56:36Z" name="Demotwo" finished-at="2022-07-20T17:56:36Z" duration-ms="3" status="PASS">
          <reporter-output>
          </reporter-output>
        </test-method> <!-- Demotwo -->
      </class> <!-- test.Trail -->
    </test> <!-- Test -->
  </suite> <!-- Suite -->
</testng-results>
